  Pch.cpp
F:\School\VGP230 2D Game\Shooter2D\Core\pch\Pch.h(14,10): warning C4067: unexpected tokens following preprocessor directive - expected a newline
F:\School\VGP230 2D Game\Shooter2D\Core\src\Structs.h(32,18): warning C4244: '=': conversion from 'double' to 'float', possible loss of data
F:\School\VGP230 2D Game\Shooter2D\Core\src\Structs.h(42,19): warning C4244: '+=': conversion from 'double' to 'float', possible loss of data
  InstructionsScreen.cpp
  Button.cpp
F:\School\VGP230 2D Game\Shooter2D\Core\src\Button.cpp(7,10): warning C4244: 'initializing': conversion from 'int' to 'float', possible loss of data
F:\School\VGP230 2D Game\Shooter2D\Core\src\Button.cpp(8,11): warning C4244: 'initializing': conversion from 'int' to 'float', possible loss of data
F:\School\VGP230 2D Game\Shooter2D\Core\src\Button.cpp(21,25): warning C4244: 'argument': conversion from 'float' to 'unsigned int', possible loss of data
  MainMenu.cpp
  Background.cpp
  Enemy.cpp
  Key.cpp
  Collision.cpp
  Bullet.cpp
  BulletPool.cpp
  InputSystem.cpp
  GameObject.cpp
  Player.cpp
  AssetManager.cpp
  Game.cpp
  CoreBuilder.cpp
F:\School\VGP230 2D Game\Shooter2D\Core\src\CoreBuilder.cpp(11,15): warning C4244: 'argument': conversion from 'time_t' to 'unsigned int', possible loss of data
  Window.cpp
  TileMap.cpp
  Tile.cpp
  WinLoseScreen.cpp
  Generating code
  Previous IPDB not found, fall back to full compilation.
  All 1056 functions were compiled because no usable IPDB/IOBJ from previous compilation was found.
  Finished generating code
  Core.vcxproj -> F:\School\VGP230 2D Game\Shooter2D\Build\Release\Core.exe
